<?xml version="1.0" encoding="UTF-8"?>
<!-- Generated by org.testng.reporters.JUnitReportReporter -->
<testsuite hostname="DESKTOP-VCCM77F" failures="0" tests="3" name="TestNG.DataProviderEx3" time="38.443" errors="0" timestamp="2024-07-18T17:27:01 IST" skipped="0">
  <testcase classname="TestNG.DataProviderEx3" name="bookTickets" time="12.577"/>
  <system-out/>
  <testcase classname="TestNG.DataProviderEx3" name="bookTickets" time="12.420"/>
  <system-out/>
  <testcase classname="TestNG.DataProviderEx3" name="bookTickets" time="13.446"/>
  <system-out/>
</testsuite> <!-- TestNG.DataProviderEx3 -->
