<?xml version="1.0" encoding="UTF-8"?>
<!-- Generated by org.testng.reporters.JUnitReportReporter -->
<testsuite hostname="DESKTOP-VCCM77F" failures="0" tests="3" name="TestNG.DataProviderEx1" time="0.006" errors="0" timestamp="2024-07-18T16:50:01 IST" skipped="0">
  <testcase classname="TestNG.DataProviderEx1" name="bookTicketTest" time="0.005"/>
  <system-out/>
  <testcase classname="TestNG.DataProviderEx1" name="bookTicketTest" time="0.000"/>
  <system-out/>
  <testcase classname="TestNG.DataProviderEx1" name="bookTicketTest" time="0.001"/>
  <system-out/>
</testsuite> <!-- TestNG.DataProviderEx1 -->
