<?xml version="1.0" encoding="UTF-8"?>
<!-- Generated by org.testng.reporters.JUnitReportReporter -->
<testsuite hostname="DESKTOP-VCCM77F" failures="0" tests="4" name="TestNG.ScriptRunmutipleTimes" time="0.009" errors="0" timestamp="2024-07-18T16:29:45 IST" skipped="0">
  <testcase classname="TestNG.ScriptRunmutipleTimes" name="modifyContact" time="0.001"/>
  <system-out/>
  <testcase classname="TestNG.ScriptRunmutipleTimes" name="createContact" time="0.006"/>
  <system-out/>
  <testcase classname="TestNG.ScriptRunmutipleTimes" name="deleteContact" time="0.001"/>
  <system-out/>
  <testcase classname="TestNG.ScriptRunmutipleTimes" name="deleteContact" time="0.001"/>
  <system-out/>
</testsuite> <!-- TestNG.ScriptRunmutipleTimes -->
