<?xml version="1.0" encoding="UTF-8"?>
<!-- Generated by org.testng.reporters.JUnitReportReporter -->
<testsuite hostname="DESKTOP-VCCM77F" failures="0" tests="3" name="TestNG.DependsOnMethods_TestExcecutionPass" time="0.007" errors="0" timestamp="2024-07-18T16:36:20 IST" skipped="0">
  <testcase classname="TestNG.DependsOnMethods_TestExcecutionPass" name="deleteContact" time="0.000"/>
  <system-out/>
  <testcase classname="TestNG.DependsOnMethods_TestExcecutionPass" name="modifyContact" time="0.001"/>
  <system-out/>
  <testcase classname="TestNG.DependsOnMethods_TestExcecutionPass" name="createContact" time="0.006"/>
  <system-out/>
</testsuite> <!-- TestNG.DependsOnMethods_TestExcecutionPass -->
