<?xml version="1.0" encoding="UTF-8"?>
<!-- Generated by org.testng.reporters.JUnitReportReporter -->
<testsuite hostname="DESKTOP-VCCM77F" failures="0" tests="4" name="TestNG.TestNGTest" time="0.007" errors="0" timestamp="2024-07-18T16:24:23 IST" skipped="0">
  <testcase classname="TestNG.TestNGTest" name="deleteContactTest" time="0.000"/>
  <system-out/>
  <testcase classname="TestNG.TestNGTest" name="createContactTest" time="0.006"/>
  <system-out/>
  <testcase classname="TestNG.TestNGTest" name="createContactTest" time="0.001"/>
  <system-out/>
  <testcase classname="TestNG.TestNGTest" name="modifyContactTest" time="0.000"/>
  <system-out/>
</testsuite> <!-- TestNG.TestNGTest -->
